no change     /sw/pkgs/arc/python3.10-anaconda/2023.03/condabin/conda
no change     /sw/pkgs/arc/python3.10-anaconda/2023.03/bin/conda
no change     /sw/pkgs/arc/python3.10-anaconda/2023.03/bin/conda-env
no change     /sw/pkgs/arc/python3.10-anaconda/2023.03/bin/activate
no change     /sw/pkgs/arc/python3.10-anaconda/2023.03/bin/deactivate
no change     /sw/pkgs/arc/python3.10-anaconda/2023.03/etc/profile.d/conda.sh
no change     /sw/pkgs/arc/python3.10-anaconda/2023.03/etc/fish/conf.d/conda.fish
no change     /sw/pkgs/arc/python3.10-anaconda/2023.03/shell/condabin/Conda.psm1
no change     /sw/pkgs/arc/python3.10-anaconda/2023.03/shell/condabin/conda-hook.ps1
no change     /sw/pkgs/arc/python3.10-anaconda/2023.03/lib/python3.10/site-packages/xontrib/conda.xsh
no change     /sw/pkgs/arc/python3.10-anaconda/2023.03/etc/profile.d/conda.csh
no change     /home/jonzhe/.bashrc
No action taken.
/home/jonzhe/.conda/envs/partfield/lib/python3.10/site-packages/lightning/fabric/__init__.py:40: pkg_resources is deprecated as an API. See https://setuptools.pypa.io/en/latest/pkg_resources.html. The pkg_resources package is slated for removal as early as 2025-11-30. Refrain from using this package or pin to Setuptools<81.
[rank: 0] Seed set to 0
Using 16bit Automatic Mixed Precision (AMP)
/home/jonzhe/.conda/envs/partfield/lib/python3.10/site-packages/lightning/pytorch/plugins/precision/amp.py:55: `torch.cuda.amp.GradScaler(args...)` is deprecated. Please use `torch.amp.GradScaler('cuda', args...)` instead.
GPU available: True (cuda), used: True
TPU available: False, using: 0 TPU cores
IPU available: False, using: 0 IPUs
HPU available: False, using: 0 HPUs
/home/jonzhe/.conda/envs/partfield/lib/python3.10/site-packages/lightning/pytorch/trainer/connectors/logger_connector/logger_connector.py:75: Starting from v1.9.0, `tensorboardX` has been removed as a dependency of the `lightning.pytorch` package, due to potential conflicts with other packages in the ML ecosystem. For this reason, `logger=True` will use `CSVLogger` as the default logger, unless the `tensorboard` or `tensorboardX` packages are found. Please `pip install lightning[extra]` or one of them to enable TensorBoard support by default
You are using a CUDA device ('NVIDIA A100 80GB PCIe MIG 3g.40gb') that has Tensor Cores. To properly utilize them, you should set `torch.set_float32_matmul_precision('medium' | 'high')` which will trade-off precision for performance. For more details, read https://pytorch.org/docs/stable/generated/torch.set_float32_matmul_precision.html#torch.set_float32_matmul_precision
[rank: 0] Seed set to 0
Initializing distributed: GLOBAL_RANK: 0, MEMBER: 1/1
[W1123 11:35:28.370170447 socket.cpp:697] [c10d] The client socket cannot be initialized to connect to [gl1250.arc-ts.umich.edu]:20820 (errno: 97 - Address family not supported by protocol).
----------------------------------------------------------------------------------------------------
distributed_backend=nccl
All distributed processes registered. Starting with 1 processes
----------------------------------------------------------------------------------------------------

Restoring states from the checkpoint path at model/model_objaverse.ckpt
LOCAL_RANK: 0 - CUDA_VISIBLE_DEVICES: [MIG-9d3c60d0-1a19-5156-a4ab-627906ae098b]
Loaded model weights from the checkpoint at model/model_objaverse.ckpt
SLURM auto-requeueing enabled. Setting signal handlers.
/home/jonzhe/.conda/envs/partfield/lib/python3.10/site-packages/torch/utils/data/dataloader.py:557: UserWarning: This DataLoader will create 32 worker processes in total. Our suggested max number of worker in current system is 1, which is smaller than what this DataLoader is going to create. Please be aware that excessive worker creation might get DataLoader running slow or even freeze, lower the worker number to avoid potential slowness/freeze if necessary.
  warnings.warn(_create_warning_msg(
val dataset len: 4
Predicting: |          | 0/? [00:00<?, ?it/s]Predicting:   0%|          | 0/4 [00:00<?, ?it/s]Predicting DataLoader 0:   0%|          | 0/4 [00:00<?, ?it/s]/home/jonzhe/442/PartField/partfield/model/PVCNN/pv_module/voxelization.py:17: UserWarning: The reduce argument of torch.scatter with Tensor src is deprecated and will be removed in a future PyTorch release. Use torch.scatter_reduce instead for more reduction options. (Triggered internally at ../aten/src/ATen/native/TensorAdvancedIndexing.cpp:231.)
  out_feature = result.scatter_(index=indices.long(), src=features, dim=2, reduce='add')
/home/jonzhe/.conda/envs/partfield/lib/python3.10/site-packages/lightning/pytorch/loops/prediction_loop.py:255: predict returned None if it was on purpose, ignore this warning...
Time elapsed for feature prediction: 1.7643883228302002
torch.Size([16080, 451])
Time elapsed: 4.362316370010376
Predicting DataLoader 0:  25%|██▌       | 1/4 [00:04<00:13,  0.23it/s]Time elapsed for feature prediction: 1.7069933414459229
torch.Size([29649, 451])
Time elapsed: 3.8535704612731934
Predicting DataLoader 0:  50%|█████     | 2/4 [00:08<00:08,  0.24it/s]Time elapsed for feature prediction: 2.0982918739318848
torch.Size([35920, 451])
Time elapsed: 4.599436044692993
Predicting DataLoader 0:  75%|███████▌  | 3/4 [00:12<00:04,  0.23it/s]Time elapsed for feature prediction: 0.8938455581665039
torch.Size([13860, 451])
Time elapsed: 1.919193983078003
Predicting DataLoader 0: 100%|██████████| 4/4 [00:14<00:00,  0.27it/s]Predicting DataLoader 0: 100%|██████████| 4/4 [00:14<00:00,  0.27it/s]
